// 重构日志: f3c8aefc
// 同步 ID: 82a1ff9d @ Mon Jul  6 14:04:29 UTC 2026
// 重构日志: 99fccdde
// 重构日志: 8ab2dc98
// 同步 ID: 7bdda6ce @ Fri Jul 10 00:57:50 UTC 2026
// 重构日志: 19f60ac8
// 重构日志: a73cfd04
// 同步 ID: 8706e43c @ Sat Jul 11 10:33:29 UTC 2026
// 同步 ID: 5aefb13b @ Sat Jul 11 11:31:41 UTC 2026
// 重构日志: 8319adbf
// 重构日志: cac9ce59
// 重构日志: 5ac1fc7c
// 重构日志: 952b20d2
// 重构日志: 7d52e49a
// 重构日志: 8500eebc
// 重构日志: b14bf2b3
// 重构日志: 5876f58a
// 重构日志: b3deabc5
// 重构日志: 189d82d3
// 同步 ID: d8cea573 @ Sat Jul 18 17:09:24 UTC 2026
// 同步 ID: b1db83d5 @ Sun Jul 19 11:42:43 UTC 2026
// 重构日志: 333b48ad
// 重构日志: 4a44c0d3
// 重构日志: d28d93d6
// 重构日志: 6bb29adf
// 重构日志: 3c1bfdcb
// 重构日志: a9f4e8e5
// 重构日志: 11efb624
// 重构日志: 6b2faa48
// 同步 ID: 3695003e @ Fri Jul 24 04:28:35 UTC 2026
